Reading netlist file: "D:\AditionalMaterial\GoWin-FPGA\projects\Tutorials\FPGA System Verilog\LedsFPGA\leds_project\impl\gwsynthesis\leds_project.vg"
Parsing netlist file "D:\AditionalMaterial\GoWin-FPGA\projects\Tutorials\FPGA System Verilog\LedsFPGA\leds_project\impl\gwsynthesis\leds_project.vg" completed
Processing netlist completed
Reading constraint file: "D:\AditionalMaterial\GoWin-FPGA\projects\Tutorials\FPGA System Verilog\LedsFPGA\leds_project\src\leds_project.cst"
Physical Constraint parsed completed
Running placement......
[10%] Placement Phase 0 completed
[20%] Placement Phase 1 completed
[30%] Placement Phase 2 completed
[50%] Placement Phase 3 completed
Running routing......
[60%] Routing Phase 0 completed
[70%] Routing Phase 1 completed
[80%] Routing Phase 2 completed
[90%] Routing Phase 3 completed
Running timing analysis......
[95%] Timing analysis completed
Placement and routing completed
Bitstream generation in progress......
Bitstream generation completed
Running power analysis......
[100%] Power analysis completed
Generate file "D:\AditionalMaterial\GoWin-FPGA\projects\Tutorials\FPGA System Verilog\LedsFPGA\leds_project\impl\pnr\leds_project.power.html" completed
Generate file "D:\AditionalMaterial\GoWin-FPGA\projects\Tutorials\FPGA System Verilog\LedsFPGA\leds_project\impl\pnr\leds_project.pin.html" completed
Generate file "D:\AditionalMaterial\GoWin-FPGA\projects\Tutorials\FPGA System Verilog\LedsFPGA\leds_project\impl\pnr\leds_project.rpt.html" completed
Generate file "D:\AditionalMaterial\GoWin-FPGA\projects\Tutorials\FPGA System Verilog\LedsFPGA\leds_project\impl\pnr\leds_project.rpt.txt" completed
Generate file "D:\AditionalMaterial\GoWin-FPGA\projects\Tutorials\FPGA System Verilog\LedsFPGA\leds_project\impl\pnr\leds_project.tr.html" completed
Fri Apr 25 14:16:00 2025

