Reading netlist file: "D:\AditionalMaterial\GoWin-FPGA\projects\Tutorials\FPGA System Verilog\7_Segment_Display\Src\impl\gwsynthesis\7Segments.vg"
Parsing netlist file "D:\AditionalMaterial\GoWin-FPGA\projects\Tutorials\FPGA System Verilog\7_Segment_Display\Src\impl\gwsynthesis\7Segments.vg" completed
Processing netlist completed
Reading constraint file: "D:\AditionalMaterial\GoWin-FPGA\projects\Tutorials\FPGA System Verilog\7_Segment_Display\Src\src\7Segments.cst"
Physical Constraint parsed completed
Running placement......
[10%] Placement Phase 0 completed
[20%] Placement Phase 1 completed
[30%] Placement Phase 2 completed
WARN  (TA1132) :  'clk' was determined to be a clock but was not created.
WARN  (TA1132) :  'digitalTube_mux_top/internal_clk_w' was determined to be a clock but was not created.
[50%] Placement Phase 3 completed
Running routing......
[60%] Routing Phase 0 completed
[70%] Routing Phase 1 completed
[80%] Routing Phase 2 completed
[90%] Routing Phase 3 completed
Running timing analysis......
[95%] Timing analysis completed
Placement and routing completed
Bitstream generation in progress......
Bitstream generation completed
Running power analysis......
[100%] Power analysis completed
Generate file "D:\AditionalMaterial\GoWin-FPGA\projects\Tutorials\FPGA System Verilog\7_Segment_Display\Src\impl\pnr\7Segments.power.html" completed
Generate file "D:\AditionalMaterial\GoWin-FPGA\projects\Tutorials\FPGA System Verilog\7_Segment_Display\Src\impl\pnr\7Segments.pin.html" completed
Generate file "D:\AditionalMaterial\GoWin-FPGA\projects\Tutorials\FPGA System Verilog\7_Segment_Display\Src\impl\pnr\7Segments.rpt.html" completed
Generate file "D:\AditionalMaterial\GoWin-FPGA\projects\Tutorials\FPGA System Verilog\7_Segment_Display\Src\impl\pnr\7Segments.rpt.txt" completed
Generate file "D:\AditionalMaterial\GoWin-FPGA\projects\Tutorials\FPGA System Verilog\7_Segment_Display\Src\impl\pnr\7Segments.tr.html" completed
Fri Apr 25 14:47:18 2025

